Build started 02/03/2012 16:18:31.
     1>Project "C:\openFrameworks\openFrameworks\addons\ofxCvGui2\ofxCvGuiLib\ofxCvGuiLib.vcxproj" on node 3 (build target(s)).
     1>InitializeBuildStatus:
         Touching "RemoteDebug\ofxCvGuiLib.unsuccessfulbuild".
       ClCompile:
         C:\Program Files (x86)\Microsoft Visual Studio 10.0\VC\bin\CL.exe /c /Zi /nologo /W1 /WX- /O2 /Oy- /Gm- /EHsc /MD /GS /fp:precise /Zc:wchar_t /Zc:forScope /Fo"RemoteDebug\\" /Fd"RemoteDebug\vc100.pdb" /Gd /TP /analyze- /errorReport:prompt ..\src\ofxCvGui\Assets.cpp ..\src\ofxCvGui\Builder.cpp ..\src\ofxCvGui\Controller.cpp ..\src\ofxCvGui\Element.cpp ..\src\ofxCvGui\ElementGroup.cpp ..\src\ofxCvGui\Panels\Base.cpp ..\src\ofxCvGui\Panels\BaseImage.cpp ..\src\ofxCvGui\Panels\Draws.cpp ..\src\ofxCvGui\Panels\Groups\Grid.cpp ..\src\ofxCvGui\Panels\Instructions.cpp ..\src\ofxCvGui\Panels\Pixels.cpp ..\src\ofxCvGui\Panels\PixelsVector.cpp ..\src\ofxCvGui\Panels\Text.cpp ..\src\ofxCvGui\Types.cpp
         Assets.cpp
     1>c:\openframeworks\openframeworks\addons\ofxcvgui2\src\ofxcvgui\Assets.h(2): fatal error C1083: Cannot open include file: 'ofImage.h': No such file or directory
         Builder.cpp
     1>..\src\ofxCvGui\Builder.cpp(1): fatal error C1083: Cannot open include file: 'ofxCvGui/Builder.h': No such file or directory
         Controller.cpp
     1>..\src\ofxCvGui\Controller.cpp(1): fatal error C1083: Cannot open include file: 'ofxCvGui/Controller.h': No such file or directory
         Element.cpp
     1>..\src\ofxCvGui\Element.cpp(1): fatal error C1083: Cannot open include file: 'ofxCvGui/Element.h': No such file or directory
         ElementGroup.cpp
     1>..\src\ofxCvGui\ElementGroup.cpp(1): fatal error C1083: Cannot open include file: 'ofxCvGui/ElementGroup.h': No such file or directory
         Base.cpp
     1>..\src\ofxCvGui\Panels\Base.cpp(1): fatal error C1083: Cannot open include file: 'ofxCvGui/Panels/Base.h': No such file or directory
         BaseImage.cpp
     1>..\src\ofxCvGui\Panels\BaseImage.cpp(1): fatal error C1083: Cannot open include file: 'ofxCvGui/Panels/BaseImage.h': No such file or directory
         Draws.cpp
     1>..\src\ofxCvGui\Panels\Draws.cpp(1): fatal error C1083: Cannot open include file: 'ofxCvGui/Panels/Draws.h': No such file or directory
         Grid.cpp
     1>..\src\ofxCvGui\Panels\Groups\Grid.cpp(1): fatal error C1083: Cannot open include file: 'ofxCvGui/Panels/Groups/Grid.h': No such file or directory
         Instructions.cpp
     1>..\src\ofxCvGui\Panels\Instructions.cpp(1): fatal error C1083: Cannot open include file: 'ofxCvGui/Panels/Instructions.h': No such file or directory
         Pixels.cpp
     1>..\src\ofxCvGui\Panels\Pixels.cpp(1): fatal error C1083: Cannot open include file: 'ofxCvGui/Panels/Pixels.h': No such file or directory
         PixelsVector.cpp
     1>..\src\ofxCvGui\Panels\PixelsVector.cpp(1): fatal error C1083: Cannot open include file: 'ofxCvGui/Panels/PixelsVector.h': No such file or directory
         Text.cpp
     1>..\src\ofxCvGui\Panels\Text.cpp(1): fatal error C1083: Cannot open include file: 'ofxCvGui/Panels/Text.h': No such file or directory
         Types.cpp
     1>..\src\ofxCvGui\Types.cpp(1): fatal error C1083: Cannot open include file: 'ofxCvGui/Types.h': No such file or directory
         Generating Code...
     1>Done Building Project "C:\openFrameworks\openFrameworks\addons\ofxCvGui2\ofxCvGuiLib\ofxCvGuiLib.vcxproj" (build target(s)) -- FAILED.

Build FAILED.

Time Elapsed 00:00:00.44
